<?xml version="1.0" encoding="UTF-8"?>
<testsuite name="agregar monitor al carrito" tests="2" skipped="0" failures="0" errors="0" timestamp="2022-02-15T05:52:40" hostname="DESKTOP-CFERMST" time="38.651">
  <properties/>
  <testcase name="agregar producto en categoria monitores #1" classname="agregar monitor al carrito" time="23.751"/>
  <testcase name="agregar producto en categoria monitores #2" classname="agregar monitor al carrito" time="14.899"/>
  <system-out><![CDATA[
Esquema del escenario: agregar producto en categoria monitores     ?[90m# src/test/resources/features/agregar_monitor_store.feature:18?[0m
  ?[32mDado ?[0m?[32mque requiero ingresar a la pagina demoblaze?[0m                 ?[90m# stepdefinitions.RegistroUsuarioStoreStepDefinitions.queRequieroIngresarALaPaginaDemoblaze()?[0m
  ?[32mCuando ?[0m?[32magrego ?[0m?[32m?[1mApple monitor 24?[0m?[32m de la categoria monitores?[0m         ?[90m# stepdefinitions.AgregarMonitorStepDefinitions.agregoDeLaCategoriaMonitores(java.lang.String)?[0m
  ?[32mEntonces ?[0m?[32mpuedo ver el mensaje de producto agregado correctamente?[0m ?[90m# stepdefinitions.AgregarMonitorStepDefinitions.puedoVerElMensajeDeProductoAgregadoCorrectamente()?[0m

Esquema del escenario: agregar producto en categoria monitores     ?[90m# src/test/resources/features/agregar_monitor_store.feature:19?[0m
  ?[32mDado ?[0m?[32mque requiero ingresar a la pagina demoblaze?[0m                 ?[90m# stepdefinitions.RegistroUsuarioStoreStepDefinitions.queRequieroIngresarALaPaginaDemoblaze()?[0m
  ?[32mCuando ?[0m?[32magrego ?[0m?[32m?[1mASUS Full HD?[0m?[32m de la categoria monitores?[0m             ?[90m# stepdefinitions.AgregarMonitorStepDefinitions.agregoDeLaCategoriaMonitores(java.lang.String)?[0m
  ?[32mEntonces ?[0m?[32mpuedo ver el mensaje de producto agregado correctamente?[0m ?[90m# stepdefinitions.AgregarMonitorStepDefinitions.puedoVerElMensajeDeProductoAgregadoCorrectamente()?[0m
]]></system-out>
  <system-err><![CDATA[[Test worker] INFO io.cucumber.core.plugin.SerenityReporter - Running feature from file:///C:/Users/RUBEN%20MARTINEZ/Desktop/PRUEBAS%20WEB/DemoBlazeStoreTest/src/test/resources/features/agregar_monitor_store.feature
[Test worker] INFO  - 
  _____   ___   ___   _____     ___   _____     _     ___   _____   ___   ___  
 |_   _| | __| / __| |_   _|   / __| |_   _|   /_\   | _ \ |_   _| | __| |   \ 
   | |   | _|  \__ \   | |     \__ \   | |    / _ \  |   /   | |   | _|  | |) |
   |_|   |___| |___/   |_|     |___/   |_|   /_/ \_\ |_|_\   |_|   |___| |___/ 

agregar producto en categoria monitores(agregar-monitor-al-carrito;agregar-producto-en-categoria-monitores)
--------------------------------------------------------------------------------
[Test worker] INFO net.serenitybdd.core.webdriver.driverproviders.ChromeDriverProvider - Using automatically driver download
[Test worker] INFO io.github.bonigarcia.wdm.WebDriverManager - Using chromedriver 98.0.4758.80 (resolved driver for Chrome 98)
[Test worker] INFO io.github.bonigarcia.wdm.WebDriverManager - Exporting webdriver.chrome.driver as C:\Users\RUBEN MARTINEZ\.cache\selenium\chromedriver\win32\98.0.4758.80\chromedriver.exe
[Test worker] INFO net.serenitybdd.core.webdriver.driverproviders.ProvideNewDriver - Instantiating driver
[Test worker] INFO net.serenitybdd.core.webdriver.driverproviders.ProvideNewDriver - Driver capabilities: Capabilities {acceptInsecureCerts: false, browserName: chrome, chrome.switches: """--start-maximized;--test..., goog:chromeOptions: {args: [--""", --start-maximized, --test-type, --no-sandbox, --ignore-certificate-errors, --disable-popup-blocking, --disable-default-apps, --disable-extensions-file-a..., --disable-web-security, --incognito, --disable-infobars, --disable-gpu, --homepage=about:blank, --no-first-run"""], extensions: []}, loggingPrefs: org.openqa.selenium.logging...}
Starting ChromeDriver 98.0.4758.80 (7f0488e8ba0d8e019187c6325a16c29d9b7f4989-refs/branch-heads/4758@{#972}) on port 24983
Only local connections are allowed.
Please see https://chromedriver.chromium.org/security-considerations for suggestions on keeping ChromeDriver safe.
ChromeDriver was started successfully.
feb. 15, 2022 12:52:47 A. M. org.openqa.selenium.remote.ProtocolHandshake createSession
INFO: Detected dialect: W3C
[Test worker] INFO  - 
  _____   ___   ___   _____     ___     _     ___   ___   ___   ___  
 |_   _| | __| / __| |_   _|   | _ \   /_\   / __| / __| | __| |   \ 
   | |   | _|  \__ \   | |     |  _/  / _ \  \__ \ \__ \ | _|  | |) |
   |_|   |___| |___/   |_|     |_|   /_/ \_\ |___/ |___/ |___| |___/ 

agregar producto en categoria monitores
----------------------------------------------------------------------
[Test worker] INFO io.cucumber.core.plugin.SerenityReporter - Running feature from file:///C:/Users/RUBEN%20MARTINEZ/Desktop/PRUEBAS%20WEB/DemoBlazeStoreTest/src/test/resources/features/agregar_monitor_store.feature
[Test worker] INFO net.serenitybdd.core.webdriver.driverproviders.ChromeDriverProvider - Using automatically driver download
[Test worker] INFO io.github.bonigarcia.wdm.WebDriverManager - Using chromedriver 98.0.4758.80 (resolved driver for Chrome 98)
[Test worker] INFO io.github.bonigarcia.wdm.WebDriverManager - Exporting webdriver.chrome.driver as C:\Users\RUBEN MARTINEZ\.cache\selenium\chromedriver\win32\98.0.4758.80\chromedriver.exe
[Test worker] INFO net.serenitybdd.core.webdriver.driverproviders.ProvideNewDriver - Instantiating driver
[Test worker] INFO net.serenitybdd.core.webdriver.driverproviders.ProvideNewDriver - Driver capabilities: Capabilities {acceptInsecureCerts: false, browserName: chrome, chrome.switches: """--start-maximized;--test..., goog:chromeOptions: {args: [--""", --start-maximized, --test-type, --no-sandbox, --ignore-certificate-errors, --disable-popup-blocking, --disable-default-apps, --disable-extensions-file-a..., --disable-web-security, --incognito, --disable-infobars, --disable-gpu, --homepage=about:blank, --no-first-run"""], extensions: []}, loggingPrefs: org.openqa.selenium.logging...}
Starting ChromeDriver 98.0.4758.80 (7f0488e8ba0d8e019187c6325a16c29d9b7f4989-refs/branch-heads/4758@{#972}) on port 37236
Only local connections are allowed.
Please see https://chromedriver.chromium.org/security-considerations for suggestions on keeping ChromeDriver safe.
ChromeDriver was started successfully.
feb. 15, 2022 12:53:07 A. M. org.openqa.selenium.remote.ProtocolHandshake createSession
INFO: Detected dialect: W3C
[Test worker] INFO  - 
  _____   ___   ___   _____     ___     _     ___   ___   ___   ___  
 |_   _| | __| / __| |_   _|   | _ \   /_\   / __| / __| | __| |   \ 
   | |   | _|  \__ \   | |     |  _/  / _ \  \__ \ \__ \ | _|  | |) |
   |_|   |___| |___/   |_|     |_|   /_/ \_\ |___/ |___/ |___| |___/ 

agregar producto en categoria monitores
----------------------------------------------------------------------
]]></system-err>
</testsuite>
